# JRE version: Java(TM) SE Runtime Environment (8.0_101-b13) (build 1.8.0_101-b13)
# Java VM: Java HotSpot(TM) Client VM (25.101-b13 mixed mode windows-x86 )
Heap:
 def new generation   total 71232K, used 980K [0x04a00000, 0x09740000, 0x14f50000)
  eden space 63360K,   0% used [0x04a00000, 0x04a00000, 0x087e0000)
  from space 7872K,  12% used [0x087e0000, 0x088d5398, 0x08f90000)
  to   space 7872K,   0% used [0x08f90000, 0x08f90000, 0x09740000)
 tenured generation   total 161896K, used 161772K [0x14f50000, 0x1ed6a000, 0x35a00000)
   the space 161896K,  99% used [0x14f50000, 0x1ed4b398, 0x1ed4b400, 0x1ed6a000)
 Metaspace       used 52461K, capacity 56444K, committed 56576K, reserved 56704K
GC Heap History (10 events):
Event: 10284.054 GC heap after
Heap after GC invocations=763 (full 20):
 def new generation   total 71232K, used 3173K [0x04a00000, 0x09740000, 0x14f50000)
  eden space 63360K,   0% used [0x04a00000, 0x04a00000, 0x087e0000)
  from space 7872K,  40% used [0x08f90000, 0x092a95f8, 0x09740000)
  to   space 7872K,   0% used [0x087e0000, 0x087e0000, 0x08f90000)
 tenured generation   total 158056K, used 149966K [0x14f50000, 0x1e9aa000, 0x35a00000)
   the space 158056K,  94% used [0x14f50000, 0x1e1c3a88, 0x1e1c3c00, 0x1e9aa000)
 Metaspace       used 52461K, capacity 56444K, committed 56576K, reserved 56704K
}
Event: 10286.265 GC heap before
{Heap before GC invocations=763 (full 20):
 def new generation   total 71232K, used 66533K [0x04a00000, 0x09740000, 0x14f50000)
  eden space 63360K, 100% used [0x04a00000, 0x087e0000, 0x087e0000)
  from space 7872K,  40% used [0x08f90000, 0x092a95f8, 0x09740000)
  to   space 7872K,   0% used [0x087e0000, 0x087e0000, 0x08f90000)
 tenured generation   total 158056K, used 149966K [0x14f50000, 0x1e9aa000, 0x35a00000)
   the space 158056K,  94% used [0x14f50000, 0x1e1c3a88, 0x1e1c3c00, 0x1e9aa000)
 Metaspace       used 52461K, capacity 56444K, committed 56576K, reserved 56704K
Event: 10286.283 GC heap after
Heap after GC invocations=764 (full 20):
 def new generation   total 71232K, used 5772K [0x04a00000, 0x09740000, 0x14f50000)
  eden space 63360K,   0% used [0x04a00000, 0x04a00000, 0x087e0000)
  from space 7872K,  73% used [0x087e0000, 0x08d83288, 0x08f90000)
  to   space 7872K,   0% used [0x08f90000, 0x08f90000, 0x09740000)
 tenured generation   total 158056K, used 149966K [0x14f50000, 0x1e9aa000, 0x35a00000)
   the space 158056K,  94% used [0x14f50000, 0x1e1c3a88, 0x1e1c3c00, 0x1e9aa000)
 Metaspace       used 52461K, capacity 56444K, committed 56576K, reserved 56704K
}
Event: 10286.537 GC heap before
{Heap before GC invocations=764 (full 20):
 def new generation   total 71232K, used 69132K [0x04a00000, 0x09740000, 0x14f50000)
  eden space 63360K, 100% used [0x04a00000, 0x087e0000, 0x087e0000)
  from space 7872K,  73% used [0x087e0000, 0x08d83288, 0x08f90000)
  to   space 7872K,   0% used [0x08f90000, 0x08f90000, 0x09740000)
 tenured generation   total 158056K, used 149966K [0x14f50000, 0x1e9aa000, 0x35a00000)
   the space 158056K,  94% used [0x14f50000, 0x1e1c3a88, 0x1e1c3c00, 0x1e9aa000)
 Metaspace       used 52461K, capacity 56444K, committed 56576K, reserved 56704K
Event: 10286.554 GC heap after
Heap after GC invocations=765 (full 20):
 def new generation   total 71232K, used 1240K [0x04a00000, 0x09740000, 0x14f50000)
  eden space 63360K,   0% used [0x04a00000, 0x04a00000, 0x087e0000)
  from space 7872K,  15% used [0x08f90000, 0x090c61c8, 0x09740000)
  to   space 7872K,   0% used [0x087e0000, 0x087e0000, 0x08f90000)
 tenured generation   total 158056K, used 155246K [0x14f50000, 0x1e9aa000, 0x35a00000)
   the space 158056K,  98% used [0x14f50000, 0x1e6eb800, 0x1e6eb800, 0x1e9aa000)
 Metaspace       used 52461K, capacity 56444K, committed 56576K, reserved 56704K
}
Event: 10293.644 GC heap before
{Heap before GC invocations=765 (full 20):
 def new generation   total 71232K, used 64299K [0x04a00000, 0x09740000, 0x14f50000)
  eden space 63360K,  99% used [0x04a00000, 0x08794d10, 0x087e0000)
  from space 7872K,  15% used [0x08f90000, 0x090c61c8, 0x09740000)
  to   space 7872K,   0% used [0x087e0000, 0x087e0000, 0x08f90000)
 tenured generation   total 158056K, used 155246K [0x14f50000, 0x1e9aa000, 0x35a00000)
   the space 158056K,  98% used [0x14f50000, 0x1e6eb800, 0x1e6eb800, 0x1e9aa000)
 Metaspace       used 52461K, capacity 56444K, committed 56576K, reserved 56704K
Event: 10293.662 GC heap after
Heap after GC invocations=766 (full 20):
 def new generation   total 71232K, used 2330K [0x04a00000, 0x09740000, 0x14f50000)
  eden space 63360K,   0% used [0x04a00000, 0x04a00000, 0x087e0000)
  from space 7872K,  29% used [0x087e0000, 0x08a26a20, 0x08f90000)
  to   space 7872K,   0% used [0x08f90000, 0x08f90000, 0x09740000)
 tenured generation   total 158056K, used 155246K [0x14f50000, 0x1e9aa000, 0x35a00000)
   the space 158056K,  98% used [0x14f50000, 0x1e6eb800, 0x1e6eb800, 0x1e9aa000)
 Metaspace       used 52461K, capacity 56444K, committed 56576K, reserved 56704K
}
Event: 10293.935 GC heap before
{Heap before GC invocations=766 (full 20):
 def new generation   total 71232K, used 65690K [0x04a00000, 0x09740000, 0x14f50000)
  eden space 63360K, 100% used [0x04a00000, 0x087e0000, 0x087e0000)
  from space 7872K,  29% used [0x087e0000, 0x08a26a20, 0x08f90000)
  to   space 7872K,   0% used [0x08f90000, 0x08f90000, 0x09740000)
 tenured generation   total 158056K, used 155246K [0x14f50000, 0x1e9aa000, 0x35a00000)
   the space 158056K,  98% used [0x14f50000, 0x1e6eb800, 0x1e6eb800, 0x1e9aa000)
 Metaspace       used 52461K, capacity 56444K, committed 56576K, reserved 56704K
Event: 10293.958 GC heap after
Heap after GC invocations=767 (full 20):
 def new generation   total 71232K, used 7099K [0x04a00000, 0x09740000, 0x14f50000)
  eden space 63360K,   0% used [0x04a00000, 0x04a00000, 0x087e0000)
  from space 7872K,  90% used [0x08f90000, 0x0967eef8, 0x09740000)
  to   space 7872K,   0% used [0x087e0000, 0x087e0000, 0x08f90000)
 tenured generation   total 158056K, used 155246K [0x14f50000, 0x1e9aa000, 0x35a00000)
   the space 158056K,  98% used [0x14f50000, 0x1e6eb800, 0x1e6eb800, 0x1e9aa000)
 Metaspace       used 52461K, capacity 56444K, committed 56576K, reserved 56704K
}
Event: 10294.355 GC heap before
{Heap before GC invocations=767 (full 20):
 def new generation   total 71232K, used 70459K [0x04a00000, 0x09740000, 0x14f50000)
  eden space 63360K, 100% used [0x04a00000, 0x087e0000, 0x087e0000)
  from space 7872K,  90% used [0x08f90000, 0x0967eef8, 0x09740000)
  to   space 7872K,   0% used [0x087e0000, 0x087e0000, 0x08f90000)
 tenured generation   total 158056K, used 155246K [0x14f50000, 0x1e9aa000, 0x35a00000)
   the space 158056K,  98% used [0x14f50000, 0x1e6eb800, 0x1e6eb800, 0x1e9aa000)
 Metaspace       used 52461K, capacity 56444K, committed 56576K, reserved 56704K

